android/app/build/intermediates/manifest_merge_blame_file/debug/processDebugMainManifest/manifest-merger-blame-debug-report.txt
1<?xml version="1.0" encoding="utf-8"?>
2<manifest xmlns:android="http://schemas.android.com/apk/res/android"
3    package="edu.vassar.cmpu203.obre"
4    android:versionCode="1"
5    android:versionName="1.0" >
6
7    <uses-sdk
8        android:minSdkVersion="32"
9        android:targetSdkVersion="36" />
10
11    <uses-permission android:name="android.permission.READ_EXTERNAL_STORAGE" />
11-->src/main/AndroidManifest.xml:4:5-80
11-->src/main/AndroidManifest.xml:4:22-77
12    <!-- internet permissions for API calls to web -->
13    <uses-permission android:name="android.permission.INTERNET" />
13-->src/main/AndroidManifest.xml:6:5-67
13-->src/main/AndroidManifest.xml:6:22-64
14    <uses-permission android:name="android.permission.CAMERA" />
14-->src/main/AndroidManifest.xml:7:5-65
14-->src/main/AndroidManifest.xml:7:22-62
15
16    <uses-feature
16-->src/main/AndroidManifest.xml:8:5-89
17        android:name="android.hardware.camera.any"
17-->src/main/AndroidManifest.xml:8:19-61
18        android:required="false" />
18-->src/main/AndroidManifest.xml:8:62-86
19
20    <uses-permission android:name="android.permission.RECORD_AUDIO" /> <!-- If recording video -->
20-->src/main/AndroidManifest.xml:9:5-71
20-->src/main/AndroidManifest.xml:9:22-68
21    <uses-permission
21-->src/main/AndroidManifest.xml:10:5-108
22        android:name="android.permission.WRITE_EXTERNAL_STORAGE"
22-->src/main/AndroidManifest.xml:10:22-78
23        android:maxSdkVersion="28" />
23-->src/main/AndroidManifest.xml:10:79-105
24    <uses-permission android:name="android.permission.ACCESS_NETWORK_STATE" />
24-->[com.google.firebase:firebase-inappmessaging:22.0.2] AndroidManifest.xml:7:5-79
24-->[com.google.firebase:firebase-inappmessaging:22.0.2] AndroidManifest.xml:7:22-76
25
26    <permission
26-->[androidx.core:core:1.13.1] AndroidManifest.xml:22:5-24:47
27        android:name="edu.vassar.cmpu203.obre.DYNAMIC_RECEIVER_NOT_EXPORTED_PERMISSION"
27-->[androidx.core:core:1.13.1] AndroidManifest.xml:23:9-81
28        android:protectionLevel="signature" />
28-->[androidx.core:core:1.13.1] AndroidManifest.xml:24:9-44
29
30    <uses-permission android:name="edu.vassar.cmpu203.obre.DYNAMIC_RECEIVER_NOT_EXPORTED_PERMISSION" /> <!-- For saving images/videos to external storage, if needed -->
30-->[androidx.core:core:1.13.1] AndroidManifest.xml:26:5-97
30-->[androidx.core:core:1.13.1] AndroidManifest.xml:26:22-94
31    <application
31-->src/main/AndroidManifest.xml:12:5-30:19
32        android:allowBackup="true"
32-->src/main/AndroidManifest.xml:13:9-35
33        android:appComponentFactory="androidx.core.app.CoreComponentFactory"
33-->[androidx.core:core:1.13.1] AndroidManifest.xml:28:18-86
34        android:dataExtractionRules="@xml/data_extraction_rules"
34-->src/main/AndroidManifest.xml:14:9-65
35        android:debuggable="true"
36        android:extractNativeLibs="false"
37        android:fullBackupContent="@xml/backup_rules"
37-->src/main/AndroidManifest.xml:15:9-54
38        android:icon="@mipmap/ic_launcher"
38-->src/main/AndroidManifest.xml:16:9-43
39        android:label="@string/app_name"
39-->src/main/AndroidManifest.xml:17:9-41
40        android:roundIcon="@mipmap/ic_launcher_round"
40-->src/main/AndroidManifest.xml:18:9-54
41        android:supportsRtl="true"
41-->src/main/AndroidManifest.xml:19:9-35
42        android:testOnly="true"
43        android:theme="@style/Theme.Android" >
43-->src/main/AndroidManifest.xml:20:9-45
44        <activity
44-->src/main/AndroidManifest.xml:21:9-29:20
45            android:name="edu.vassar.cmpu203.obre.MainActivity"
45-->src/main/AndroidManifest.xml:22:13-41
46            android:exported="true" >
46-->src/main/AndroidManifest.xml:23:13-36
47            <intent-filter>
47-->src/main/AndroidManifest.xml:24:13-28:29
48                <action android:name="android.intent.action.MAIN" />
48-->src/main/AndroidManifest.xml:25:17-69
48-->src/main/AndroidManifest.xml:25:25-66
49
50                <category android:name="android.intent.category.LAUNCHER" />
50-->src/main/AndroidManifest.xml:27:17-77
50-->src/main/AndroidManifest.xml:27:27-74
51            </intent-filter>
52        </activity>
53
54        <service
54-->[com.google.firebase:firebase-inappmessaging:22.0.2] AndroidManifest.xml:11:9-20:19
55            android:name="com.google.firebase.components.ComponentDiscoveryService"
55-->[com.google.firebase:firebase-inappmessaging:22.0.2] AndroidManifest.xml:12:13-84
56            android:directBootAware="true"
56-->[com.google.firebase:firebase-common:22.0.1] AndroidManifest.xml:32:13-43
57            android:exported="false" >
57-->[com.google.firebase:firebase-inappmessaging:22.0.2] AndroidManifest.xml:13:13-37
58            <meta-data
58-->[com.google.firebase:firebase-inappmessaging:22.0.2] AndroidManifest.xml:14:13-16:85
59                android:name="com.google.firebase.components:com.google.firebase.inappmessaging.FirebaseInAppMessagingKtxRegistrar"
59-->[com.google.firebase:firebase-inappmessaging:22.0.2] AndroidManifest.xml:15:17-132
60                android:value="com.google.firebase.components.ComponentRegistrar" />
60-->[com.google.firebase:firebase-inappmessaging:22.0.2] AndroidManifest.xml:16:17-82
61            <meta-data
61-->[com.google.firebase:firebase-inappmessaging:22.0.2] AndroidManifest.xml:17:13-19:85
62                android:name="com.google.firebase.components:com.google.firebase.inappmessaging.FirebaseInAppMessagingRegistrar"
62-->[com.google.firebase:firebase-inappmessaging:22.0.2] AndroidManifest.xml:18:17-129
63                android:value="com.google.firebase.components.ComponentRegistrar" />
63-->[com.google.firebase:firebase-inappmessaging:22.0.2] AndroidManifest.xml:19:17-82
64            <meta-data
64-->[com.google.firebase:firebase-ai:17.6.0] AndroidManifest.xml:31:13-33:85
65                android:name="com.google.firebase.components:com.google.firebase.ai.FirebaseAIRegistrar"
65-->[com.google.firebase:firebase-ai:17.6.0] AndroidManifest.xml:32:17-105
66                android:value="com.google.firebase.components.ComponentRegistrar" />
66-->[com.google.firebase:firebase-ai:17.6.0] AndroidManifest.xml:33:17-82
67            <meta-data
67-->[com.google.firebase:firebase-installations:18.0.0] AndroidManifest.xml:15:13-17:85
68                android:name="com.google.firebase.components:com.google.firebase.installations.FirebaseInstallationsKtxRegistrar"
68-->[com.google.firebase:firebase-installations:18.0.0] AndroidManifest.xml:16:17-130
69                android:value="com.google.firebase.components.ComponentRegistrar" />
69-->[com.google.firebase:firebase-installations:18.0.0] AndroidManifest.xml:17:17-82
70            <meta-data
70-->[com.google.firebase:firebase-installations:18.0.0] AndroidManifest.xml:18:13-20:85
71                android:name="com.google.firebase.components:com.google.firebase.installations.FirebaseInstallationsRegistrar"
71-->[com.google.firebase:firebase-installations:18.0.0] AndroidManifest.xml:19:17-127
72                android:value="com.google.firebase.components.ComponentRegistrar" />
72-->[com.google.firebase:firebase-installations:18.0.0] AndroidManifest.xml:20:17-82
73            <meta-data
73-->[com.google.firebase:firebase-common:22.0.1] AndroidManifest.xml:35:13-37:85
74                android:name="com.google.firebase.components:com.google.firebase.FirebaseCommonKtxRegistrar"
74-->[com.google.firebase:firebase-common:22.0.1] AndroidManifest.xml:36:17-109
75                android:value="com.google.firebase.components.ComponentRegistrar" />
75-->[com.google.firebase:firebase-common:22.0.1] AndroidManifest.xml:37:17-82
76            <meta-data
76-->[com.google.firebase:firebase-abt:21.1.1] AndroidManifest.xml:12:13-14:85
77                android:name="com.google.firebase.components:com.google.firebase.abt.component.AbtRegistrar"
77-->[com.google.firebase:firebase-abt:21.1.1] AndroidManifest.xml:13:17-109
78                android:value="com.google.firebase.components.ComponentRegistrar" />
78-->[com.google.firebase:firebase-abt:21.1.1] AndroidManifest.xml:14:17-82
79            <meta-data
79-->[com.google.firebase:firebase-datatransport:18.2.0] AndroidManifest.xml:25:13-27:85
80                android:name="com.google.firebase.components:com.google.firebase.datatransport.TransportRegistrar"
80-->[com.google.firebase:firebase-datatransport:18.2.0] AndroidManifest.xml:26:17-115
81                android:value="com.google.firebase.components.ComponentRegistrar" />
81-->[com.google.firebase:firebase-datatransport:18.2.0] AndroidManifest.xml:27:17-82
82        </service>
83
84        <provider
84-->[com.google.firebase:firebase-common:22.0.1] AndroidManifest.xml:23:9-28:39
85            android:name="com.google.firebase.provider.FirebaseInitProvider"
85-->[com.google.firebase:firebase-common:22.0.1] AndroidManifest.xml:24:13-77
86            android:authorities="edu.vassar.cmpu203.obre.firebaseinitprovider"
86-->[com.google.firebase:firebase-common:22.0.1] AndroidManifest.xml:25:13-72
87            android:directBootAware="true"
87-->[com.google.firebase:firebase-common:22.0.1] AndroidManifest.xml:26:13-43
88            android:exported="false"
88-->[com.google.firebase:firebase-common:22.0.1] AndroidManifest.xml:27:13-37
89            android:initOrder="100" />
89-->[com.google.firebase:firebase-common:22.0.1] AndroidManifest.xml:28:13-36
90        <provider
90-->[androidx.emoji2:emoji2:1.2.0] AndroidManifest.xml:24:9-32:20
91            android:name="androidx.startup.InitializationProvider"
91-->[androidx.emoji2:emoji2:1.2.0] AndroidManifest.xml:25:13-67
92            android:authorities="edu.vassar.cmpu203.obre.androidx-startup"
92-->[androidx.emoji2:emoji2:1.2.0] AndroidManifest.xml:26:13-68
93            android:exported="false" >
93-->[androidx.emoji2:emoji2:1.2.0] AndroidManifest.xml:27:13-37
94            <meta-data
94-->[androidx.emoji2:emoji2:1.2.0] AndroidManifest.xml:29:13-31:52
95                android:name="androidx.emoji2.text.EmojiCompatInitializer"
95-->[androidx.emoji2:emoji2:1.2.0] AndroidManifest.xml:30:17-75
96                android:value="androidx.startup" />
96-->[androidx.emoji2:emoji2:1.2.0] AndroidManifest.xml:31:17-49
97            <meta-data
97-->[androidx.lifecycle:lifecycle-process:2.6.2] AndroidManifest.xml:29:13-31:52
98                android:name="androidx.lifecycle.ProcessLifecycleInitializer"
98-->[androidx.lifecycle:lifecycle-process:2.6.2] AndroidManifest.xml:30:17-78
99                android:value="androidx.startup" />
99-->[androidx.lifecycle:lifecycle-process:2.6.2] AndroidManifest.xml:31:17-49
100            <meta-data
100-->[androidx.profileinstaller:profileinstaller:1.4.0] AndroidManifest.xml:29:13-31:52
101                android:name="androidx.profileinstaller.ProfileInstallerInitializer"
101-->[androidx.profileinstaller:profileinstaller:1.4.0] AndroidManifest.xml:30:17-85
102                android:value="androidx.startup" />
102-->[androidx.profileinstaller:profileinstaller:1.4.0] AndroidManifest.xml:31:17-49
103        </provider>
104
105        <activity
105-->[com.google.android.gms:play-services-base:18.0.1] AndroidManifest.xml:20:9-22:45
106            android:name="com.google.android.gms.common.api.GoogleApiActivity"
106-->[com.google.android.gms:play-services-base:18.0.1] AndroidManifest.xml:20:19-85
107            android:exported="false"
107-->[com.google.android.gms:play-services-base:18.0.1] AndroidManifest.xml:22:19-43
108            android:theme="@android:style/Theme.Translucent.NoTitleBar" />
108-->[com.google.android.gms:play-services-base:18.0.1] AndroidManifest.xml:21:19-78
109
110        <receiver
110-->[androidx.profileinstaller:profileinstaller:1.4.0] AndroidManifest.xml:34:9-52:20
111            android:name="androidx.profileinstaller.ProfileInstallReceiver"
111-->[androidx.profileinstaller:profileinstaller:1.4.0] AndroidManifest.xml:35:13-76
112            android:directBootAware="false"
112-->[androidx.profileinstaller:profileinstaller:1.4.0] AndroidManifest.xml:36:13-44
113            android:enabled="true"
113-->[androidx.profileinstaller:profileinstaller:1.4.0] AndroidManifest.xml:37:13-35
114            android:exported="true"
114-->[androidx.profileinstaller:profileinstaller:1.4.0] AndroidManifest.xml:38:13-36
115            android:permission="android.permission.DUMP" >
115-->[androidx.profileinstaller:profileinstaller:1.4.0] AndroidManifest.xml:39:13-57
116            <intent-filter>
116-->[androidx.profileinstaller:profileinstaller:1.4.0] AndroidManifest.xml:40:13-42:29
117                <action android:name="androidx.profileinstaller.action.INSTALL_PROFILE" />
117-->[androidx.profileinstaller:profileinstaller:1.4.0] AndroidManifest.xml:41:17-91
117-->[androidx.profileinstaller:profileinstaller:1.4.0] AndroidManifest.xml:41:25-88
118            </intent-filter>
119            <intent-filter>
119-->[androidx.profileinstaller:profileinstaller:1.4.0] AndroidManifest.xml:43:13-45:29
120                <action android:name="androidx.profileinstaller.action.SKIP_FILE" />
120-->[androidx.profileinstaller:profileinstaller:1.4.0] AndroidManifest.xml:44:17-85
120-->[androidx.profileinstaller:profileinstaller:1.4.0] AndroidManifest.xml:44:25-82
121            </intent-filter>
122            <intent-filter>
122-->[androidx.profileinstaller:profileinstaller:1.4.0] AndroidManifest.xml:46:13-48:29
123                <action android:name="androidx.profileinstaller.action.SAVE_PROFILE" />
123-->[androidx.profileinstaller:profileinstaller:1.4.0] AndroidManifest.xml:47:17-88
123-->[androidx.profileinstaller:profileinstaller:1.4.0] AndroidManifest.xml:47:25-85
124            </intent-filter>
125            <intent-filter>
125-->[androidx.profileinstaller:profileinstaller:1.4.0] AndroidManifest.xml:49:13-51:29
126                <action android:name="androidx.profileinstaller.action.BENCHMARK_OPERATION" />
126-->[androidx.profileinstaller:profileinstaller:1.4.0] AndroidManifest.xml:50:17-95
126-->[androidx.profileinstaller:profileinstaller:1.4.0] AndroidManifest.xml:50:25-92
127            </intent-filter>
128        </receiver>
129
130        <meta-data
130-->[com.google.android.gms:play-services-basement:18.8.0] AndroidManifest.xml:21:9-23:69
131            android:name="com.google.android.gms.version"
131-->[com.google.android.gms:play-services-basement:18.8.0] AndroidManifest.xml:22:13-58
132            android:value="@integer/google_play_services_version" />
132-->[com.google.android.gms:play-services-basement:18.8.0] AndroidManifest.xml:23:13-66
133
134        <service
134-->[com.google.android.datatransport:transport-backend-cct:3.1.9] AndroidManifest.xml:28:9-34:19
135            android:name="com.google.android.datatransport.runtime.backends.TransportBackendDiscovery"
135-->[com.google.android.datatransport:transport-backend-cct:3.1.9] AndroidManifest.xml:29:13-103
136            android:exported="false" >
136-->[com.google.android.datatransport:transport-backend-cct:3.1.9] AndroidManifest.xml:30:13-37
137            <meta-data
137-->[com.google.android.datatransport:transport-backend-cct:3.1.9] AndroidManifest.xml:31:13-33:39
138                android:name="backend:com.google.android.datatransport.cct.CctBackendFactory"
138-->[com.google.android.datatransport:transport-backend-cct:3.1.9] AndroidManifest.xml:32:17-94
139                android:value="cct" />
139-->[com.google.android.datatransport:transport-backend-cct:3.1.9] AndroidManifest.xml:33:17-36
140        </service>
141        <service
141-->[com.google.android.datatransport:transport-runtime:3.1.9] AndroidManifest.xml:26:9-30:19
142            android:name="com.google.android.datatransport.runtime.scheduling.jobscheduling.JobInfoSchedulerService"
142-->[com.google.android.datatransport:transport-runtime:3.1.9] AndroidManifest.xml:27:13-117
143            android:exported="false"
143-->[com.google.android.datatransport:transport-runtime:3.1.9] AndroidManifest.xml:28:13-37
144            android:permission="android.permission.BIND_JOB_SERVICE" >
144-->[com.google.android.datatransport:transport-runtime:3.1.9] AndroidManifest.xml:29:13-69
145        </service>
146
147        <receiver
147-->[com.google.android.datatransport:transport-runtime:3.1.9] AndroidManifest.xml:32:9-34:40
148            android:name="com.google.android.datatransport.runtime.scheduling.jobscheduling.AlarmManagerSchedulerBroadcastReceiver"
148-->[com.google.android.datatransport:transport-runtime:3.1.9] AndroidManifest.xml:33:13-132
149            android:exported="false" />
149-->[com.google.android.datatransport:transport-runtime:3.1.9] AndroidManifest.xml:34:13-37
150    </application>
151
152</manifest>